<?xml version="1.0" encoding="UTF-8"?>
<testng-results total="1" passed="1" failed="0" skipped="0">
  <reporter-output>
  </reporter-output>
  <suite started-at="2023-09-29T02:36:13Z" name="test.com.itexps.IndeedTest" finished-at="2023-09-29T02:36:21Z" duration-ms="7925">
    <groups>
    </groups>
    <test started-at="2023-09-29T02:36:13Z" name="Command line test" finished-at="2023-09-29T02:36:21Z" duration-ms="7925">
      <class name="test.com.itexps.IndeedTest">
        <test-method is-config="true" signature="setUpClass()[pri:0, instance:test.com.itexps.IndeedTest@5bb21b69]" started-at="2023-09-28T21:36:13Z" name="setUpClass" finished-at="2023-09-28T21:36:13Z" duration-ms="8" status="PASS">
          <reporter-output>
          </reporter-output>
        </test-method> <!-- setUpClass -->
        <test-method is-config="true" signature="setUpMethod()[pri:0, instance:test.com.itexps.IndeedTest@5bb21b69]" started-at="2023-09-28T21:36:13Z" name="setUpMethod" finished-at="2023-09-28T21:36:15Z" duration-ms="1478" status="PASS">
          <reporter-output>
          </reporter-output>
        </test-method> <!-- setUpMethod -->
        <test-method signature="testCase1()[pri:0, instance:test.com.itexps.IndeedTest@5bb21b69]" started-at="2023-09-28T21:36:15Z" name="testCase1" finished-at="2023-09-28T21:36:21Z" duration-ms="6179" status="PASS">
          <reporter-output>
          </reporter-output>
        </test-method> <!-- testCase1 -->
        <test-method is-config="true" signature="tearDownMethod()[pri:0, instance:test.com.itexps.IndeedTest@5bb21b69]" started-at="2023-09-28T21:36:21Z" name="tearDownMethod" finished-at="2023-09-28T21:36:21Z" duration-ms="237" status="PASS">
          <reporter-output>
          </reporter-output>
        </test-method> <!-- tearDownMethod -->
        <test-method is-config="true" signature="tearDownClass()[pri:0, instance:test.com.itexps.IndeedTest@5bb21b69]" started-at="2023-09-28T21:36:21Z" name="tearDownClass" finished-at="2023-09-28T21:36:21Z" duration-ms="0" status="PASS">
          <reporter-output>
          </reporter-output>
        </test-method> <!-- tearDownClass -->
      </class> <!-- test.com.itexps.IndeedTest -->
    </test> <!-- Command line test -->
  </suite> <!-- test.com.itexps.IndeedTest -->
</testng-results>
